{"C:\\Users\\Jeka\\Desktop\\Advanced js hw\\Matchers\\src\\js\\matchers.js": {"path":"C:\\Users\\Jeka\\Desktop\\Advanced js hw\\Matchers\\src\\js\\matchers.js","statementMap":{"0":{"start":{"line":2,"column":24},"end":{"line":2,"column":67}},"1":{"start":{"line":2,"column":47},"end":{"line":2,"column":66}},"2":{"start":{"line":3,"column":2},"end":{"line":3,"column":22}}},"fnMap":{"0":{"name":"compareAndSort","decl":{"start":{"line":1,"column":24},"end":{"line":1,"column":38}},"loc":{"start":{"line":1,"column":52},"end":{"line":4,"column":1}},"line":1},"1":{"name":"(anonymous_1)","decl":{"start":{"line":2,"column":37},"end":{"line":2,"column":38}},"loc":{"start":{"line":2,"column":47},"end":{"line":2,"column":66}},"line":2}},"branchMap":{},"s":{"0":1,"1":4,"2":1},"f":{"0":1,"1":4},"b":{},"_coverageSchema":"1a1c01bbd47fc00a2c39e90264f33305004495a9","hash":"81ed506f1fa43779733be50ed6c57e5e11e9005f"}
}
